<?xml version="1.0" encoding="UTF-8"?>
<testng-results ignored="0" total="1" passed="1" failed="0" skipped="0">
  <reporter-output>
  </reporter-output>
  <suite started-at="2024-01-07T15:51:01 IST" name="Myntra Regression Suite" finished-at="2024-01-07T15:51:48 IST" duration-ms="46146">
    <groups>
    </groups>
    <test started-at="2024-01-07T15:51:01 IST" name="Myntra Regression Test" finished-at="2024-01-07T15:51:48 IST" duration-ms="46146">
      <class name="functional_tests.AddProdToWLTest">
        <test-method is-config="true" signature="setUpProcesses(org.testng.ITestResult)[pri:0, instance:functional_tests.AddProdToWLTest@39ac0c0a]" started-at="2024-01-07T15:51:02 IST" name="setUpProcesses" finished-at="2024-01-07T15:51:10 IST" duration-ms="8407" status="PASS">
          <params>
            <param index="0">
              <value>
                <![CDATA[[TestResult name={null} status=CREATED method=AddProdToWLTest.validateAddingProdToWL()[pri:0, instance:functional_tests.AddProdToWLTest@39ac0c0a] output={null}]]]>
              </value>
            </param>
          </params>
          <reporter-output>
          </reporter-output>
        </test-method> <!-- setUpProcesses -->
        <test-method signature="validateAddingProdToWL()[pri:0, instance:functional_tests.AddProdToWLTest@39ac0c0a]" started-at="2024-01-07T15:51:10 IST" name="validateAddingProdToWL" description="Validate adding a Product to Wishlist" finished-at="2024-01-07T15:51:47 IST" duration-ms="36968" status="PASS">
          <reporter-output>
          </reporter-output>
        </test-method> <!-- validateAddingProdToWL -->
        <test-method is-config="true" signature="tearDownProcesses()[pri:0, instance:functional_tests.AddProdToWLTest@39ac0c0a]" started-at="2024-01-07T15:51:47 IST" name="tearDownProcesses" finished-at="2024-01-07T15:51:48 IST" duration-ms="581" status="PASS">
          <reporter-output>
          </reporter-output>
        </test-method> <!-- tearDownProcesses -->
      </class> <!-- functional_tests.AddProdToWLTest -->
    </test> <!-- Myntra Regression Test -->
  </suite> <!-- Myntra Regression Suite -->
</testng-results>
